<?xml version="1.0" encoding="UTF-8"?>
<testsuite name="Tester" tests="9" skipped="0" failures="0" errors="0" timestamp="2018-12-18T05:16:38" hostname="DESKTOP-QJ8SKUK" time="0.006">
  <properties/>
  <testcase name="test1" classname="Tester" time="0.0"/>
  <testcase name="test2" classname="Tester" time="0.001"/>
  <testcase name="test3" classname="Tester" time="0.001"/>
  <testcase name="test4" classname="Tester" time="0.0"/>
  <testcase name="test5" classname="Tester" time="0.0"/>
  <testcase name="test6" classname="Tester" time="0.0"/>
  <testcase name="test7" classname="Tester" time="0.0"/>
  <testcase name="test8" classname="Tester" time="0.0"/>
  <testcase name="test9" classname="Tester" time="0.001"/>
  <system-out><![CDATA[]]></system-out>
  <system-err><![CDATA[]]></system-err>
</testsuite>
